<?xml version="1.0" encoding="UTF-8"?>
<!-- Generated by org.testng.reporters.JUnitReportReporter -->
<testsuite skipped="0" hostname="DESKTOP-E2VKPNG" name="com.log.test.TS01" tests="1" failures="0" timestamp="2019-10-23T15:40:50 IST" time="62.758" errors="0">
  <testcase name="ts" time="62.758" classname="com.log.test.TS01"/>
</testsuite> <!-- com.log.test.TS01 -->
